{
  meta: {
    req: {
      url: '/chat/getCon',
      headers: {
        host: 'localhost:7890',
        connection: 'keep-alive',
        'sec-ch-ua': '"Chromium";v="112", "Google Chrome";v="112", "Not:A-Brand";v="99"',
        'content-type': 'Application/json',
        dnt: '1',
        'sec-ch-ua-mobile': '?0',
        authorization: 'bearer eyJhbGciOiJIUzI1NiIsInR5cCI6IkpXVCJ9.eyJ1c2VyIjoic2h1YmhhbSIsImlkIjoiNjQ1MjI0ZmY4NDFhM2MwMGQxODQzZGNmIiwicm9sZSI6ImFkbWluaXN0cmV0ZXIiLCJpYXQiOjE2ODMzNjkwMTIsImV4cCI6MTY4MzM2OTYxMn0.Q2B2_IeMTIYaUhXZ1PlUm9unqUKJXbbJs29IwDjmJz0',
        'user-agent': 'Mozilla/5.0 (Macintosh; Intel Mac OS X 10_15_7) AppleWebKit/537.36 (KHTML, like Gecko) Chrome/112.0.0.0 Safari/537.36',
        'sec-ch-ua-platform': '"macOS"',
        accept: '*/*',
        origin: 'null',
        'sec-fetch-site': 'cross-site',
        'sec-fetch-mode': 'cors',
        'sec-fetch-dest': 'empty',
        'accept-encoding': 'gzip, deflate, br',
        'accept-language': 'en-US,en-GB;q=0.9,en;q=0.8',
        'if-none-match': 'W/"12c-83sUJ9RDwAXcI0hBjovLDublnwU"'
      },
      method: 'GET',
      httpVersion: '1.1',
      originalUrl: '/chat/getCon',
      query: {}
    },
    res: { statusCode: 406 },
    responseTime: 4
  },
  level: '\x1B[32minfo\x1B[39m',
  message: 'HTTP GET /chat/getCon'
}
{
  meta: {
    req: {
      url: '/user/log',
      headers: {
        'content-length': '61',
        'accept-encoding': 'gzip, deflate, br',
        cookie: 'token=eyJhbGciOiJIUzI1NiIsInR5cCI6IkpXVCJ9.eyJ1c2VyIjoic2h1YmhhbSIsImlkIjoiNjQ1MjI0ZmY4NDFhM2MwMGQxODQzZGNmIiwicm9sZSI6ImFkbWluaXN0cmV0ZXIiLCJpYXQiOjE2ODMzNjkwMTIsImV4cCI6MTY4MzM2OTYxMn0.Q2B2_IeMTIYaUhXZ1PlUm9unqUKJXbbJs29IwDjmJz0',
        accept: '*/*',
        'user-agent': 'Thunder Client (https://www.thunderclient.com)',
        authorization: 'bera eyJhbGciOiJIUzI1NiIsInR5cCI6IkpXVCJ9.eyJ1c2VyIjoic2h1YmhhbSIsImlkIjoiNjQ1MjI0ZmY4NDFhM2MwMGQxODQzZGNmIiwicm9sZSI6ImFkbWluaXN0cmV0ZXIiLCJpYXQiOjE2ODMyODQyMjcsImV4cCI6MTY4MzI4NDM0N30.UyDl2QUXEmb32ol2MSJNo9IUVHzB_u73pVV8V0grjH0',
        'content-type': 'application/json',
        host: 'localhost:7890',
        connection: 'close'
      },
      method: 'POST',
      httpVersion: '1.1',
      originalUrl: '/user/log',
      query: {}
    },
    res: { statusCode: 202 },
    responseTime: 80
  },
  level: '\x1B[32minfo\x1B[39m',
  message: 'HTTP POST /user/log'
}
{
  meta: {
    req: {
      url: '/chat/getCon',
      headers: {
        host: 'localhost:7890',
        connection: 'keep-alive',
        'sec-ch-ua': '"Chromium";v="112", "Google Chrome";v="112", "Not:A-Brand";v="99"',
        'content-type': 'Application/json',
        dnt: '1',
        'sec-ch-ua-mobile': '?0',
        authorization: 'bearer eyJhbGciOiJIUzI1NiIsInR5cCI6IkpXVCJ9.eyJ1c2VyIjoic2h1YmhhbSIsImlkIjoiNjQ1MjI0ZmY4NDFhM2MwMGQxODQzZGNmIiwicm9sZSI6ImFkbWluaXN0cmV0ZXIiLCJpYXQiOjE2ODMzODQxOTIsImV4cCI6MTY4MzM4NDc5Mn0.oj9xgHkGAWl9Rvyzn0m1CWF0tWO4SelkbdbDJyWnVsE',
        'user-agent': 'Mozilla/5.0 (Macintosh; Intel Mac OS X 10_15_7) AppleWebKit/537.36 (KHTML, like Gecko) Chrome/112.0.0.0 Safari/537.36',
        'sec-ch-ua-platform': '"macOS"',
        accept: '*/*',
        origin: 'null',
        'sec-fetch-site': 'cross-site',
        'sec-fetch-mode': 'cors',
        'sec-fetch-dest': 'empty',
        'accept-encoding': 'gzip, deflate, br',
        'accept-language': 'en-US,en-GB;q=0.9,en;q=0.8'
      },
      method: 'GET',
      httpVersion: '1.1',
      originalUrl: '/chat/getCon',
      query: {}
    },
    res: { statusCode: 200 },
    responseTime: 117
  },
  level: '\x1B[32minfo\x1B[39m',
  message: 'HTTP GET /chat/getCon'
}
{
  meta: {
    req: {
      url: '/chat/getMsg',
      headers: {
        host: 'localhost:7890',
        connection: 'keep-alive',
        'content-length': '13',
        'sec-ch-ua': '"Chromium";v="112", "Google Chrome";v="112", "Not:A-Brand";v="99"',
        'content-type': 'Application/json',
        dnt: '1',
        'sec-ch-ua-mobile': '?0',
        authorization: 'bearer eyJhbGciOiJIUzI1NiIsInR5cCI6IkpXVCJ9.eyJ1c2VyIjoic2h1YmhhbSIsImlkIjoiNjQ1MjI0ZmY4NDFhM2MwMGQxODQzZGNmIiwicm9sZSI6ImFkbWluaXN0cmV0ZXIiLCJpYXQiOjE2ODMzODQxOTIsImV4cCI6MTY4MzM4NDc5Mn0.oj9xgHkGAWl9Rvyzn0m1CWF0tWO4SelkbdbDJyWnVsE',
        'user-agent': 'Mozilla/5.0 (Macintosh; Intel Mac OS X 10_15_7) AppleWebKit/537.36 (KHTML, like Gecko) Chrome/112.0.0.0 Safari/537.36',
        'sec-ch-ua-platform': '"macOS"',
        accept: '*/*',
        origin: 'null',
        'sec-fetch-site': 'cross-site',
        'sec-fetch-mode': 'cors',
        'sec-fetch-dest': 'empty',
        'accept-encoding': 'gzip, deflate, br',
        'accept-language': 'en-US,en-GB;q=0.9,en;q=0.8'
      },
      method: 'POST',
      httpVersion: '1.1',
      originalUrl: '/chat/getMsg',
      query: {}
    },
    res: { statusCode: 200 },
    responseTime: 59
  },
  level: '\x1B[32minfo\x1B[39m',
  message: 'HTTP POST /chat/getMsg'
}
{
  meta: {
    req: {
      url: '/chat/getMsg',
      headers: {
        host: 'localhost:7890',
        connection: 'keep-alive',
        'content-length': '13',
        'sec-ch-ua': '"Chromium";v="112", "Google Chrome";v="112", "Not:A-Brand";v="99"',
        'content-type': 'Application/json',
        dnt: '1',
        'sec-ch-ua-mobile': '?0',
        authorization: 'bearer eyJhbGciOiJIUzI1NiIsInR5cCI6IkpXVCJ9.eyJ1c2VyIjoic2h1YmhhbSIsImlkIjoiNjQ1MjI0ZmY4NDFhM2MwMGQxODQzZGNmIiwicm9sZSI6ImFkbWluaXN0cmV0ZXIiLCJpYXQiOjE2ODMzODQxOTIsImV4cCI6MTY4MzM4NDc5Mn0.oj9xgHkGAWl9Rvyzn0m1CWF0tWO4SelkbdbDJyWnVsE',
        'user-agent': 'Mozilla/5.0 (Macintosh; Intel Mac OS X 10_15_7) AppleWebKit/537.36 (KHTML, like Gecko) Chrome/112.0.0.0 Safari/537.36',
        'sec-ch-ua-platform': '"macOS"',
        accept: '*/*',
        origin: 'null',
        'sec-fetch-site': 'cross-site',
        'sec-fetch-mode': 'cors',
        'sec-fetch-dest': 'empty',
        'accept-encoding': 'gzip, deflate, br',
        'accept-language': 'en-US,en-GB;q=0.9,en;q=0.8'
      },
      method: 'POST',
      httpVersion: '1.1',
      originalUrl: '/chat/getMsg',
      query: {}
    },
    res: { statusCode: 200 },
    responseTime: 73
  },
  level: '\x1B[32minfo\x1B[39m',
  message: 'HTTP POST /chat/getMsg'
}
{
  meta: {
    req: {
      url: '/chat/getMsg',
      headers: {
        host: 'localhost:7890',
        connection: 'keep-alive',
        'content-length': '13',
        'sec-ch-ua': '"Chromium";v="112", "Google Chrome";v="112", "Not:A-Brand";v="99"',
        'content-type': 'Application/json',
        dnt: '1',
        'sec-ch-ua-mobile': '?0',
        authorization: 'bearer eyJhbGciOiJIUzI1NiIsInR5cCI6IkpXVCJ9.eyJ1c2VyIjoic2h1YmhhbSIsImlkIjoiNjQ1MjI0ZmY4NDFhM2MwMGQxODQzZGNmIiwicm9sZSI6ImFkbWluaXN0cmV0ZXIiLCJpYXQiOjE2ODMzODQxOTIsImV4cCI6MTY4MzM4NDc5Mn0.oj9xgHkGAWl9Rvyzn0m1CWF0tWO4SelkbdbDJyWnVsE',
        'user-agent': 'Mozilla/5.0 (Macintosh; Intel Mac OS X 10_15_7) AppleWebKit/537.36 (KHTML, like Gecko) Chrome/112.0.0.0 Safari/537.36',
        'sec-ch-ua-platform': '"macOS"',
        accept: '*/*',
        origin: 'null',
        'sec-fetch-site': 'cross-site',
        'sec-fetch-mode': 'cors',
        'sec-fetch-dest': 'empty',
        'accept-encoding': 'gzip, deflate, br',
        'accept-language': 'en-US,en-GB;q=0.9,en;q=0.8'
      },
      method: 'POST',
      httpVersion: '1.1',
      originalUrl: '/chat/getMsg',
      query: {}
    },
    res: { statusCode: 200 },
    responseTime: 66
  },
  level: '\x1B[32minfo\x1B[39m',
  message: 'HTTP POST /chat/getMsg'
}
{
  meta: {
    req: {
      url: '/chat/getMsg',
      headers: {
        host: 'localhost:7890',
        connection: 'keep-alive',
        'content-length': '12',
        'sec-ch-ua': '"Chromium";v="112", "Google Chrome";v="112", "Not:A-Brand";v="99"',
        'content-type': 'Application/json',
        dnt: '1',
        'sec-ch-ua-mobile': '?0',
        authorization: 'bearer eyJhbGciOiJIUzI1NiIsInR5cCI6IkpXVCJ9.eyJ1c2VyIjoic2h1YmhhbSIsImlkIjoiNjQ1MjI0ZmY4NDFhM2MwMGQxODQzZGNmIiwicm9sZSI6ImFkbWluaXN0cmV0ZXIiLCJpYXQiOjE2ODMzODQxOTIsImV4cCI6MTY4MzM4NDc5Mn0.oj9xgHkGAWl9Rvyzn0m1CWF0tWO4SelkbdbDJyWnVsE',
        'user-agent': 'Mozilla/5.0 (Macintosh; Intel Mac OS X 10_15_7) AppleWebKit/537.36 (KHTML, like Gecko) Chrome/112.0.0.0 Safari/537.36',
        'sec-ch-ua-platform': '"macOS"',
        accept: '*/*',
        origin: 'null',
        'sec-fetch-site': 'cross-site',
        'sec-fetch-mode': 'cors',
        'sec-fetch-dest': 'empty',
        'accept-encoding': 'gzip, deflate, br',
        'accept-language': 'en-US,en-GB;q=0.9,en;q=0.8'
      },
      method: 'POST',
      httpVersion: '1.1',
      originalUrl: '/chat/getMsg',
      query: {}
    },
    res: { statusCode: 200 },
    responseTime: 1550
  },
  level: '\x1B[32minfo\x1B[39m',
  message: 'HTTP POST /chat/getMsg'
}
